<?xml version="1.0" encoding="UTF-8"?>
<testExecutions version="1">
    <file path="C:\Alok\Learning_JAVA_NODE_ANGULAR\react\complete-react-course\src\Components\CreateProducts\CreateProduct.test.js">
        <testCase name="CreateProducts renders Create Product button initially" duration="49">
            <failure message="TypeError: expect(...).toBeInTheDocument is not a function"><![CDATA[TypeError: expect(...).toBeInTheDocument is not a function
    at Object.<anonymous> (C:\Alok\Learning_JAVA_NODE_ANGULAR\react\complete-react-course\src\Components\CreateProducts\CreateProduct.test.js:20:52)
    at Promise.then.completed (C:\Alok\Learning_JAVA_NODE_ANGULAR\react\complete-react-course\node_modules\jest-circus\build\utils.js:391:28)
    at new Promise (<anonymous>)
    at callAsyncCircusFn (C:\Alok\Learning_JAVA_NODE_ANGULAR\react\complete-react-course\node_modules\jest-circus\build\utils.js:316:10)
    at _callCircusTest (C:\Alok\Learning_JAVA_NODE_ANGULAR\react\complete-react-course\node_modules\jest-circus\build\run.js:218:40)
    at processTicksAndRejections (node:internal/process/task_queues:105:5)
    at _runTest (C:\Alok\Learning_JAVA_NODE_ANGULAR\react\complete-react-course\node_modules\jest-circus\build\run.js:155:3)
    at _runTestsForDescribeBlock (C:\Alok\Learning_JAVA_NODE_ANGULAR\react\complete-react-course\node_modules\jest-circus\build\run.js:66:9)
    at _runTestsForDescribeBlock (C:\Alok\Learning_JAVA_NODE_ANGULAR\react\complete-react-course\node_modules\jest-circus\build\run.js:60:9)
    at run (C:\Alok\Learning_JAVA_NODE_ANGULAR\react\complete-react-course\node_modules\jest-circus\build\run.js:25:3)
    at runAndTransformResultsToJestFormat (C:\Alok\Learning_JAVA_NODE_ANGULAR\react\complete-react-course\node_modules\jest-circus\build\legacy-code-todo-rewrite\jestAdapterInit.js:170:21)
    at jestAdapter (C:\Alok\Learning_JAVA_NODE_ANGULAR\react\complete-react-course\node_modules\jest-circus\build\legacy-code-todo-rewrite\jestAdapter.js:82:19)
    at runTestInternal (C:\Alok\Learning_JAVA_NODE_ANGULAR\react\complete-react-course\node_modules\jest-runner\build\runTest.js:389:16)
    at runTest (C:\Alok\Learning_JAVA_NODE_ANGULAR\react\complete-react-course\node_modules\jest-runner\build\runTest.js:475:34)
    at TestRunner.runTests (C:\Alok\Learning_JAVA_NODE_ANGULAR\react\complete-react-course\node_modules\jest-runner\build\index.js:101:12)
    at TestScheduler.scheduleTests (C:\Alok\Learning_JAVA_NODE_ANGULAR\react\complete-react-course\node_modules\@jest\core\build\TestScheduler.js:333:13)
    at runJest (C:\Alok\Learning_JAVA_NODE_ANGULAR\react\complete-react-course\node_modules\@jest\core\build\runJest.js:404:19)
    at _run10000 (C:\Alok\Learning_JAVA_NODE_ANGULAR\react\complete-react-course\node_modules\@jest\core\build\cli\index.js:320:7)
    at runCLI (C:\Alok\Learning_JAVA_NODE_ANGULAR\react\complete-react-course\node_modules\@jest\core\build\cli\index.js:173:3)
    at Object.run (C:\Alok\Learning_JAVA_NODE_ANGULAR\react\complete-react-course\node_modules\jest-cli\build\cli\index.js:155:37)]]></failure>
        </testCase>
        <testCase name="CreateProducts shows form when button is clicked" duration="31">
            <failure message="TypeError: expect(...).toBeInTheDocument is not a function"><![CDATA[TypeError: expect(...).toBeInTheDocument is not a function
    at Object.<anonymous> (C:\Alok\Learning_JAVA_NODE_ANGULAR\react\complete-react-course\src\Components\CreateProducts\CreateProduct.test.js:27:52)
    at Promise.then.completed (C:\Alok\Learning_JAVA_NODE_ANGULAR\react\complete-react-course\node_modules\jest-circus\build\utils.js:391:28)
    at new Promise (<anonymous>)
    at callAsyncCircusFn (C:\Alok\Learning_JAVA_NODE_ANGULAR\react\complete-react-course\node_modules\jest-circus\build\utils.js:316:10)
    at _callCircusTest (C:\Alok\Learning_JAVA_NODE_ANGULAR\react\complete-react-course\node_modules\jest-circus\build\run.js:218:40)
    at processTicksAndRejections (node:internal/process/task_queues:105:5)
    at _runTest (C:\Alok\Learning_JAVA_NODE_ANGULAR\react\complete-react-course\node_modules\jest-circus\build\run.js:155:3)
    at _runTestsForDescribeBlock (C:\Alok\Learning_JAVA_NODE_ANGULAR\react\complete-react-course\node_modules\jest-circus\build\run.js:66:9)
    at _runTestsForDescribeBlock (C:\Alok\Learning_JAVA_NODE_ANGULAR\react\complete-react-course\node_modules\jest-circus\build\run.js:60:9)
    at run (C:\Alok\Learning_JAVA_NODE_ANGULAR\react\complete-react-course\node_modules\jest-circus\build\run.js:25:3)
    at runAndTransformResultsToJestFormat (C:\Alok\Learning_JAVA_NODE_ANGULAR\react\complete-react-course\node_modules\jest-circus\build\legacy-code-todo-rewrite\jestAdapterInit.js:170:21)
    at jestAdapter (C:\Alok\Learning_JAVA_NODE_ANGULAR\react\complete-react-course\node_modules\jest-circus\build\legacy-code-todo-rewrite\jestAdapter.js:82:19)
    at runTestInternal (C:\Alok\Learning_JAVA_NODE_ANGULAR\react\complete-react-course\node_modules\jest-runner\build\runTest.js:389:16)
    at runTest (C:\Alok\Learning_JAVA_NODE_ANGULAR\react\complete-react-course\node_modules\jest-runner\build\runTest.js:475:34)
    at TestRunner.runTests (C:\Alok\Learning_JAVA_NODE_ANGULAR\react\complete-react-course\node_modules\jest-runner\build\index.js:101:12)
    at TestScheduler.scheduleTests (C:\Alok\Learning_JAVA_NODE_ANGULAR\react\complete-react-course\node_modules\@jest\core\build\TestScheduler.js:333:13)
    at runJest (C:\Alok\Learning_JAVA_NODE_ANGULAR\react\complete-react-course\node_modules\@jest\core\build\runJest.js:404:19)
    at _run10000 (C:\Alok\Learning_JAVA_NODE_ANGULAR\react\complete-react-course\node_modules\@jest\core\build\cli\index.js:320:7)
    at runCLI (C:\Alok\Learning_JAVA_NODE_ANGULAR\react\complete-react-course\node_modules\@jest\core\build\cli\index.js:173:3)
    at Object.run (C:\Alok\Learning_JAVA_NODE_ANGULAR\react\complete-react-course\node_modules\jest-cli\build\cli\index.js:155:37)]]></failure>
        </testCase>
        <testCase name="CreateProducts hides form when cancel is clicked" duration="19">
            <failure message="TypeError: expect(...).toBeInTheDocument is not a function"><![CDATA[TypeError: expect(...).toBeInTheDocument is not a function
    at Object.<anonymous> (C:\Alok\Learning_JAVA_NODE_ANGULAR\react\complete-react-course\src\Components\CreateProducts\CreateProduct.test.js:35:52)
    at Promise.then.completed (C:\Alok\Learning_JAVA_NODE_ANGULAR\react\complete-react-course\node_modules\jest-circus\build\utils.js:391:28)
    at new Promise (<anonymous>)
    at callAsyncCircusFn (C:\Alok\Learning_JAVA_NODE_ANGULAR\react\complete-react-course\node_modules\jest-circus\build\utils.js:316:10)
    at _callCircusTest (C:\Alok\Learning_JAVA_NODE_ANGULAR\react\complete-react-course\node_modules\jest-circus\build\run.js:218:40)
    at processTicksAndRejections (node:internal/process/task_queues:105:5)
    at _runTest (C:\Alok\Learning_JAVA_NODE_ANGULAR\react\complete-react-course\node_modules\jest-circus\build\run.js:155:3)
    at _runTestsForDescribeBlock (C:\Alok\Learning_JAVA_NODE_ANGULAR\react\complete-react-course\node_modules\jest-circus\build\run.js:66:9)
    at _runTestsForDescribeBlock (C:\Alok\Learning_JAVA_NODE_ANGULAR\react\complete-react-course\node_modules\jest-circus\build\run.js:60:9)
    at run (C:\Alok\Learning_JAVA_NODE_ANGULAR\react\complete-react-course\node_modules\jest-circus\build\run.js:25:3)
    at runAndTransformResultsToJestFormat (C:\Alok\Learning_JAVA_NODE_ANGULAR\react\complete-react-course\node_modules\jest-circus\build\legacy-code-todo-rewrite\jestAdapterInit.js:170:21)
    at jestAdapter (C:\Alok\Learning_JAVA_NODE_ANGULAR\react\complete-react-course\node_modules\jest-circus\build\legacy-code-todo-rewrite\jestAdapter.js:82:19)
    at runTestInternal (C:\Alok\Learning_JAVA_NODE_ANGULAR\react\complete-react-course\node_modules\jest-runner\build\runTest.js:389:16)
    at runTest (C:\Alok\Learning_JAVA_NODE_ANGULAR\react\complete-react-course\node_modules\jest-runner\build\runTest.js:475:34)
    at TestRunner.runTests (C:\Alok\Learning_JAVA_NODE_ANGULAR\react\complete-react-course\node_modules\jest-runner\build\index.js:101:12)
    at TestScheduler.scheduleTests (C:\Alok\Learning_JAVA_NODE_ANGULAR\react\complete-react-course\node_modules\@jest\core\build\TestScheduler.js:333:13)
    at runJest (C:\Alok\Learning_JAVA_NODE_ANGULAR\react\complete-react-course\node_modules\@jest\core\build\runJest.js:404:19)
    at _run10000 (C:\Alok\Learning_JAVA_NODE_ANGULAR\react\complete-react-course\node_modules\@jest\core\build\cli\index.js:320:7)
    at runCLI (C:\Alok\Learning_JAVA_NODE_ANGULAR\react\complete-react-course\node_modules\@jest\core\build\cli\index.js:173:3)
    at Object.run (C:\Alok\Learning_JAVA_NODE_ANGULAR\react\complete-react-course\node_modules\jest-cli\build\cli\index.js:155:37)]]></failure>
        </testCase>
        <testCase name="CreateProducts calls createProduct prop when form is submitted" duration="15"/>
    </file>
</testExecutions>