{"C:\\Alok\\Learning_JAVA_NODE_ANGULAR\\react\\complete-react-course\\src\\App.js": {"path":"C:\\Alok\\Learning_JAVA_NODE_ANGULAR\\react\\complete-react-course\\src\\App.js","statementMap":{"0":{"start":{"line":16,"column":15},"end":{"line":62,"column":1}},"1":{"start":{"line":66,"column":41},"end":{"line":66,"column":56}},"2":{"start":{"line":68,"column":45},"end":{"line":68,"column":60}},"3":{"start":{"line":70,"column":8},"end":{"line":70,"column":34}},"4":{"start":{"line":73,"column":47},"end":{"line":73,"column":65}},"5":{"start":{"line":76,"column":8},"end":{"line":76,"column":48}},"6":{"start":{"line":77,"column":8},"end":{"line":77,"column":54}},"7":{"start":{"line":80,"column":28},"end":{"line":89,"column":6}},"8":{"start":{"line":81,"column":8},"end":{"line":87,"column":9}},"9":{"start":{"line":82,"column":12},"end":{"line":82,"column":48}},"10":{"start":{"line":83,"column":15},"end":{"line":87,"column":9}},"11":{"start":{"line":84,"column":12},"end":{"line":84,"column":49}},"12":{"start":{"line":86,"column":12},"end":{"line":86,"column":27}},"13":{"start":{"line":92,"column":8},"end":{"line":92,"column":30}},"14":{"start":{"line":96,"column":8},"end":{"line":96,"column":31}},"15":{"start":{"line":160,"column":4},"end":{"line":166,"column":7}}},"fnMap":{"0":{"name":"App","decl":{"start":{"line":64,"column":9},"end":{"line":64,"column":12}},"loc":{"start":{"line":64,"column":15},"end":{"line":168,"column":1}},"line":64},"1":{"name":"onFilterChange","decl":{"start":{"line":69,"column":13},"end":{"line":69,"column":27}},"loc":{"start":{"line":69,"column":36},"end":{"line":71,"column":5}},"line":69},"2":{"name":"createProduct","decl":{"start":{"line":75,"column":13},"end":{"line":75,"column":26}},"loc":{"start":{"line":75,"column":36},"end":{"line":78,"column":5}},"line":75},"3":{"name":"(anonymous_3)","decl":{"start":{"line":80,"column":50},"end":{"line":80,"column":51}},"loc":{"start":{"line":80,"column":63},"end":{"line":89,"column":5}},"line":80},"4":{"name":"displayModal","decl":{"start":{"line":91,"column":13},"end":{"line":91,"column":25}},"loc":{"start":{"line":91,"column":28},"end":{"line":93,"column":5}},"line":91},"5":{"name":"hideModal","decl":{"start":{"line":95,"column":13},"end":{"line":95,"column":22}},"loc":{"start":{"line":95,"column":25},"end":{"line":97,"column":5}},"line":95}},"branchMap":{"0":{"loc":{"start":{"line":81,"column":8},"end":{"line":87,"column":9}},"type":"if","locations":[{"start":{"line":81,"column":8},"end":{"line":87,"column":9}},{"start":{"line":83,"column":15},"end":{"line":87,"column":9}}],"line":81},"1":{"loc":{"start":{"line":83,"column":15},"end":{"line":87,"column":9}},"type":"if","locations":[{"start":{"line":83,"column":15},"end":{"line":87,"column":9}},{"start":{"line":85,"column":15},"end":{"line":87,"column":9}}],"line":83}},"s":{"0":0,"1":0,"2":0,"3":0,"4":0,"5":0,"6":0,"7":0,"8":0,"9":0,"10":0,"11":0,"12":0,"13":0,"14":0,"15":0},"f":{"0":0,"1":0,"2":0,"3":0,"4":0,"5":0},"b":{"0":[0,0],"1":[0,0]}}
,"C:\\Alok\\Learning_JAVA_NODE_ANGULAR\\react\\complete-react-course\\src\\index.js": {"path":"C:\\Alok\\Learning_JAVA_NODE_ANGULAR\\react\\complete-react-course\\src\\index.js","statementMap":{"0":{"start":{"line":9,"column":13},"end":{"line":9,"column":56}},"1":{"start":{"line":11,"column":0},"end":{"line":13,"column":24}}},"fnMap":{},"branchMap":{},"s":{"0":0,"1":0},"f":{},"b":{}}
,"C:\\Alok\\Learning_JAVA_NODE_ANGULAR\\react\\complete-react-course\\src\\Components\\ErrorBoundaries.js": {"path":"C:\\Alok\\Learning_JAVA_NODE_ANGULAR\\react\\complete-react-course\\src\\Components\\ErrorBoundaries.js","statementMap":{"0":{"start":{"line":5,"column":8},"end":{"line":5,"column":16}},"1":{"start":{"line":6,"column":8},"end":{"line":6,"column":41}},"2":{"start":{"line":9,"column":8},"end":{"line":11,"column":10}},"3":{"start":{"line":10,"column":12},"end":{"line":10,"column":38}},"4":{"start":{"line":15,"column":8},"end":{"line":17,"column":9}},"5":{"start":{"line":16,"column":12},"end":{"line":16,"column":48}},"6":{"start":{"line":18,"column":8},"end":{"line":18,"column":35}}},"fnMap":{"0":{"name":"(anonymous_0)","decl":{"start":{"line":4,"column":4},"end":{"line":4,"column":5}},"loc":{"start":{"line":4,"column":18},"end":{"line":7,"column":5}},"line":4},"1":{"name":"(anonymous_1)","decl":{"start":{"line":8,"column":4},"end":{"line":8,"column":5}},"loc":{"start":{"line":8,"column":29},"end":{"line":12,"column":5}},"line":8},"2":{"name":"(anonymous_2)","decl":{"start":{"line":9,"column":22},"end":{"line":9,"column":23}},"loc":{"start":{"line":9,"column":40},"end":{"line":11,"column":9}},"line":9},"3":{"name":"(anonymous_3)","decl":{"start":{"line":14,"column":4},"end":{"line":14,"column":5}},"loc":{"start":{"line":14,"column":13},"end":{"line":19,"column":5}},"line":14}},"branchMap":{"0":{"loc":{"start":{"line":15,"column":8},"end":{"line":17,"column":9}},"type":"if","locations":[{"start":{"line":15,"column":8},"end":{"line":17,"column":9}},{"start":{},"end":{}}],"line":15}},"s":{"0":0,"1":0,"2":0,"3":0,"4":0,"5":0,"6":0},"f":{"0":0,"1":0,"2":0,"3":0},"b":{"0":[0,0]}}
,"C:\\Alok\\Learning_JAVA_NODE_ANGULAR\\react\\complete-react-course\\src\\Components\\RefsDemo.js": {"path":"C:\\Alok\\Learning_JAVA_NODE_ANGULAR\\react\\complete-react-course\\src\\Components\\RefsDemo.js","statementMap":{"0":{"start":{"line":5,"column":23},"end":{"line":5,"column":33}},"1":{"start":{"line":9,"column":8},"end":{"line":9,"column":47}},"2":{"start":{"line":12,"column":4},"end":{"line":16,"column":7}}},"fnMap":{"0":{"name":"RefDemo","decl":{"start":{"line":3,"column":9},"end":{"line":3,"column":16}},"loc":{"start":{"line":3,"column":19},"end":{"line":18,"column":1}},"line":3},"1":{"name":"showInputEventHandler","decl":{"start":{"line":8,"column":13},"end":{"line":8,"column":34}},"loc":{"start":{"line":8,"column":37},"end":{"line":10,"column":5}},"line":8}},"branchMap":{},"s":{"0":0,"1":0,"2":0},"f":{"0":0,"1":0},"b":{}}
,"C:\\Alok\\Learning_JAVA_NODE_ANGULAR\\react\\complete-react-course\\src\\Components\\ClassBased\\ClassComponent.js": {"path":"C:\\Alok\\Learning_JAVA_NODE_ANGULAR\\react\\complete-react-course\\src\\Components\\ClassBased\\ClassComponent.js","statementMap":{"0":{"start":{"line":6,"column":8},"end":{"line":6,"column":16}},"1":{"start":{"line":7,"column":8},"end":{"line":7,"column":50}},"2":{"start":{"line":12,"column":8},"end":{"line":12,"column":50}},"3":{"start":{"line":16,"column":8},"end":{"line":16,"column":30}},"4":{"start":{"line":27,"column":8},"end":{"line":27,"column":47}},"5":{"start":{"line":32,"column":8},"end":{"line":32,"column":62}},"6":{"start":{"line":37,"column":8},"end":{"line":39,"column":10}},"7":{"start":{"line":38,"column":12},"end":{"line":38,"column":56}},"8":{"start":{"line":43,"column":8},"end":{"line":52,"column":31}},"9":{"start":{"line":45,"column":16},"end":{"line":49,"column":19}}},"fnMap":{"0":{"name":"(anonymous_0)","decl":{"start":{"line":5,"column":4},"end":{"line":5,"column":5}},"loc":{"start":{"line":5,"column":18},"end":{"line":8,"column":5}},"line":5},"1":{"name":"(anonymous_1)","decl":{"start":{"line":10,"column":4},"end":{"line":10,"column":5}},"loc":{"start":{"line":10,"column":24},"end":{"line":13,"column":5}},"line":10},"2":{"name":"(anonymous_2)","decl":{"start":{"line":15,"column":4},"end":{"line":15,"column":5}},"loc":{"start":{"line":15,"column":45},"end":{"line":29,"column":5}},"line":15},"3":{"name":"(anonymous_3)","decl":{"start":{"line":31,"column":4},"end":{"line":31,"column":5}},"loc":{"start":{"line":31,"column":27},"end":{"line":33,"column":5}},"line":31},"4":{"name":"(anonymous_4)","decl":{"start":{"line":34,"column":4},"end":{"line":34,"column":5}},"loc":{"start":{"line":34,"column":17},"end":{"line":40,"column":5}},"line":34},"5":{"name":"(anonymous_5)","decl":{"start":{"line":37,"column":22},"end":{"line":37,"column":23}},"loc":{"start":{"line":37,"column":40},"end":{"line":39,"column":9}},"line":37},"6":{"name":"(anonymous_6)","decl":{"start":{"line":42,"column":4},"end":{"line":42,"column":5}},"loc":{"start":{"line":42,"column":13},"end":{"line":57,"column":5}},"line":42},"7":{"name":"(anonymous_7)","decl":{"start":{"line":44,"column":13},"end":{"line":44,"column":14}},"loc":{"start":{"line":44,"column":22},"end":{"line":50,"column":13}},"line":44}},"branchMap":{"0":{"loc":{"start":{"line":47,"column":21},"end":{"line":47,"column":81}},"type":"binary-expr","locations":[{"start":{"line":47,"column":21},"end":{"line":47,"column":40}},{"start":{"line":47,"column":44},"end":{"line":47,"column":81}}],"line":47},"1":{"loc":{"start":{"line":48,"column":66},"end":{"line":48,"column":103}},"type":"cond-expr","locations":[{"start":{"line":48,"column":88},"end":{"line":48,"column":94}},{"start":{"line":48,"column":97},"end":{"line":48,"column":103}}],"line":48}},"s":{"0":0,"1":0,"2":0,"3":0,"4":0,"5":0,"6":0,"7":0,"8":0,"9":0},"f":{"0":0,"1":0,"2":0,"3":0,"4":0,"5":0,"6":0,"7":0},"b":{"0":[0,0],"1":[0,0]}}
,"C:\\Alok\\Learning_JAVA_NODE_ANGULAR\\react\\complete-react-course\\src\\Components\\Context\\AuthContext.js": {"path":"C:\\Alok\\Learning_JAVA_NODE_ANGULAR\\react\\complete-react-course\\src\\Components\\Context\\AuthContext.js","statementMap":{"0":{"start":{"line":3,"column":18},"end":{"line":8,"column":6}},"1":{"start":{"line":12,"column":38},"end":{"line":12,"column":53}},"2":{"start":{"line":13,"column":4},"end":{"line":18,"column":10}},"3":{"start":{"line":14,"column":27},"end":{"line":14,"column":61}},"4":{"start":{"line":15,"column":8},"end":{"line":17,"column":9}},"5":{"start":{"line":16,"column":12},"end":{"line":16,"column":30}},"6":{"start":{"line":21,"column":8},"end":{"line":21,"column":48}},"7":{"start":{"line":22,"column":8},"end":{"line":22,"column":26}},"8":{"start":{"line":26,"column":8},"end":{"line":26,"column":46}},"9":{"start":{"line":27,"column":8},"end":{"line":27,"column":27}},"10":{"start":{"line":30,"column":4},"end":{"line":32,"column":27}}},"fnMap":{"0":{"name":"AuthContextProvider","decl":{"start":{"line":10,"column":16},"end":{"line":10,"column":35}},"loc":{"start":{"line":10,"column":43},"end":{"line":33,"column":1}},"line":10},"1":{"name":"(anonymous_1)","decl":{"start":{"line":13,"column":14},"end":{"line":13,"column":15}},"loc":{"start":{"line":13,"column":20},"end":{"line":18,"column":5}},"line":13},"2":{"name":"loginHandler","decl":{"start":{"line":20,"column":13},"end":{"line":20,"column":25}},"loc":{"start":{"line":20,"column":28},"end":{"line":23,"column":5}},"line":20},"3":{"name":"logoutHandler","decl":{"start":{"line":25,"column":13},"end":{"line":25,"column":26}},"loc":{"start":{"line":25,"column":29},"end":{"line":28,"column":5}},"line":25}},"branchMap":{"0":{"loc":{"start":{"line":15,"column":8},"end":{"line":17,"column":9}},"type":"if","locations":[{"start":{"line":15,"column":8},"end":{"line":17,"column":9}},{"start":{},"end":{}}],"line":15}},"s":{"0":0,"1":0,"2":0,"3":0,"4":0,"5":0,"6":0,"7":0,"8":0,"9":0,"10":0},"f":{"0":0,"1":0,"2":0,"3":0},"b":{"0":[0,0]}}
,"C:\\Alok\\Learning_JAVA_NODE_ANGULAR\\react\\complete-react-course\\src\\Components\\Context\\DemoContext.js": {"path":"C:\\Alok\\Learning_JAVA_NODE_ANGULAR\\react\\complete-react-course\\src\\Components\\Context\\DemoContext.js","statementMap":{"0":{"start":{"line":3,"column":18},"end":{"line":5,"column":2}}},"fnMap":{},"branchMap":{},"s":{"0":0},"f":{},"b":{}}
,"C:\\Alok\\Learning_JAVA_NODE_ANGULAR\\react\\complete-react-course\\src\\Components\\CreateProducts\\CreateProducts.js": {"path":"C:\\Alok\\Learning_JAVA_NODE_ANGULAR\\react\\complete-react-course\\src\\Components\\CreateProducts\\CreateProducts.js","statementMap":{"0":{"start":{"line":7,"column":39},"end":{"line":7,"column":54}},"1":{"start":{"line":10,"column":8},"end":{"line":10,"column":36}},"2":{"start":{"line":14,"column":8},"end":{"line":14,"column":29}},"3":{"start":{"line":18,"column":8},"end":{"line":18,"column":30}},"4":{"start":{"line":21,"column":4},"end":{"line":26,"column":5}}},"fnMap":{"0":{"name":"CreateProducts","decl":{"start":{"line":5,"column":9},"end":{"line":5,"column":23}},"loc":{"start":{"line":5,"column":31},"end":{"line":28,"column":1}},"line":5},"1":{"name":"onProductCreation","decl":{"start":{"line":9,"column":13},"end":{"line":9,"column":30}},"loc":{"start":{"line":9,"column":40},"end":{"line":11,"column":5}},"line":9},"2":{"name":"createNewProduct","decl":{"start":{"line":13,"column":13},"end":{"line":13,"column":29}},"loc":{"start":{"line":13,"column":32},"end":{"line":15,"column":5}},"line":13},"3":{"name":"hideCancelForm","decl":{"start":{"line":17,"column":13},"end":{"line":17,"column":27}},"loc":{"start":{"line":17,"column":30},"end":{"line":19,"column":5}},"line":17}},"branchMap":{"0":{"loc":{"start":{"line":23,"column":13},"end":{"line":23,"column":89}},"type":"binary-expr","locations":[{"start":{"line":23,"column":13},"end":{"line":23,"column":22}},{"start":{"line":23,"column":26},"end":{"line":23,"column":89}}],"line":23},"1":{"loc":{"start":{"line":24,"column":13},"end":{"line":24,"column":112}},"type":"binary-expr","locations":[{"start":{"line":24,"column":13},"end":{"line":24,"column":21}},{"start":{"line":24,"column":25},"end":{"line":24,"column":112}}],"line":24}},"s":{"0":8,"1":1,"2":3,"3":1,"4":8},"f":{"0":8,"1":1,"2":3,"3":1},"b":{"0":[8,5],"1":[8,3]},"_coverageSchema":"1a1c01bbd47fc00a2c39e90264f33305004495a9","hash":"4be6c43e3234af5e9cb120f32d642b9d96bc6a02"}
,"C:\\Alok\\Learning_JAVA_NODE_ANGULAR\\react\\complete-react-course\\src\\Components\\CreateProducts\\ProductForm.js": {"path":"C:\\Alok\\Learning_JAVA_NODE_ANGULAR\\react\\complete-react-course\\src\\Components\\CreateProducts\\ProductForm.js","statementMap":{"0":{"start":{"line":5,"column":29},"end":{"line":5,"column":41}},"1":{"start":{"line":6,"column":31},"end":{"line":6,"column":43}},"2":{"start":{"line":7,"column":43},"end":{"line":7,"column":55}},"3":{"start":{"line":8,"column":43},"end":{"line":8,"column":58}},"4":{"start":{"line":9,"column":31},"end":{"line":9,"column":43}},"5":{"start":{"line":20,"column":8},"end":{"line":20,"column":38}},"6":{"start":{"line":25,"column":8},"end":{"line":25,"column":39}},"7":{"start":{"line":30,"column":8},"end":{"line":30,"column":45}},"8":{"start":{"line":35,"column":8},"end":{"line":35,"column":47}},"9":{"start":{"line":40,"column":8},"end":{"line":40,"column":39}},"10":{"start":{"line":45,"column":8},"end":{"line":45,"column":31}},"11":{"start":{"line":46,"column":22},"end":{"line":53,"column":9}},"12":{"start":{"line":55,"column":8},"end":{"line":55,"column":30}},"13":{"start":{"line":56,"column":8},"end":{"line":56,"column":24}},"14":{"start":{"line":57,"column":8},"end":{"line":57,"column":23}},"15":{"start":{"line":58,"column":8},"end":{"line":58,"column":24}},"16":{"start":{"line":59,"column":8},"end":{"line":59,"column":33}},"17":{"start":{"line":60,"column":8},"end":{"line":60,"column":37}},"18":{"start":{"line":61,"column":8},"end":{"line":61,"column":25}},"19":{"start":{"line":65,"column":8},"end":{"line":65,"column":30}},"20":{"start":{"line":67,"column":4},"end":{"line":114,"column":5}}},"fnMap":{"0":{"name":"ProductForm","decl":{"start":{"line":3,"column":9},"end":{"line":3,"column":20}},"loc":{"start":{"line":3,"column":28},"end":{"line":116,"column":1}},"line":3},"1":{"name":"nameInputHandler","decl":{"start":{"line":19,"column":13},"end":{"line":19,"column":29}},"loc":{"start":{"line":19,"column":37},"end":{"line":22,"column":5}},"line":19},"2":{"name":"priceInputHandler","decl":{"start":{"line":24,"column":13},"end":{"line":24,"column":30}},"loc":{"start":{"line":24,"column":38},"end":{"line":27,"column":5}},"line":24},"3":{"name":"descriptionInputHandler","decl":{"start":{"line":29,"column":13},"end":{"line":29,"column":36}},"loc":{"start":{"line":29,"column":44},"end":{"line":32,"column":5}},"line":29},"4":{"name":"isAvailableInputHandler","decl":{"start":{"line":34,"column":13},"end":{"line":34,"column":36}},"loc":{"start":{"line":34,"column":44},"end":{"line":37,"column":5}},"line":34},"5":{"name":"imageInputHandler","decl":{"start":{"line":39,"column":13},"end":{"line":39,"column":30}},"loc":{"start":{"line":39,"column":38},"end":{"line":42,"column":5}},"line":39},"6":{"name":"createProductEventHandler","decl":{"start":{"line":44,"column":13},"end":{"line":44,"column":38}},"loc":{"start":{"line":44,"column":46},"end":{"line":63,"column":5}},"line":44},"7":{"name":"hideFormEventHandler","decl":{"start":{"line":64,"column":13},"end":{"line":64,"column":33}},"loc":{"start":{"line":64,"column":36},"end":{"line":66,"column":5}},"line":64}},"branchMap":{},"s":{"0":0,"1":0,"2":0,"3":0,"4":0,"5":0,"6":0,"7":0,"8":0,"9":0,"10":0,"11":0,"12":0,"13":0,"14":0,"15":0,"16":0,"17":0,"18":0,"19":0,"20":0},"f":{"0":0,"1":0,"2":0,"3":0,"4":0,"5":0,"6":0,"7":0},"b":{}}
,"C:\\Alok\\Learning_JAVA_NODE_ANGULAR\\react\\complete-react-course\\src\\Components\\FilterProduct\\FilterProduct.js": {"path":"C:\\Alok\\Learning_JAVA_NODE_ANGULAR\\react\\complete-react-course\\src\\Components\\FilterProduct\\FilterProduct.js","statementMap":{"0":{"start":{"line":4,"column":8},"end":{"line":4,"column":49}},"1":{"start":{"line":6,"column":4},"end":{"line":12,"column":11}}},"fnMap":{"0":{"name":"FilterProduct","decl":{"start":{"line":2,"column":9},"end":{"line":2,"column":22}},"loc":{"start":{"line":2,"column":30},"end":{"line":13,"column":1}},"line":2},"1":{"name":"onFilterChange","decl":{"start":{"line":3,"column":13},"end":{"line":3,"column":27}},"loc":{"start":{"line":3,"column":35},"end":{"line":5,"column":5}},"line":3}},"branchMap":{},"s":{"0":0,"1":0},"f":{"0":0,"1":0},"b":{}}
,"C:\\Alok\\Learning_JAVA_NODE_ANGULAR\\react\\complete-react-course\\src\\Components\\Input\\Input.js": {"path":"C:\\Alok\\Learning_JAVA_NODE_ANGULAR\\react\\complete-react-course\\src\\Components\\Input\\Input.js","statementMap":{"0":{"start":{"line":3,"column":14},"end":{"line":30,"column":2}},"1":{"start":{"line":5,"column":4},"end":{"line":7,"column":6}},"2":{"start":{"line":6,"column":8},"end":{"line":6,"column":54}},"3":{"start":{"line":9,"column":21},"end":{"line":9,"column":31}},"4":{"start":{"line":12,"column":8},"end":{"line":12,"column":33}},"5":{"start":{"line":15,"column":4},"end":{"line":28,"column":10}}},"fnMap":{"0":{"name":"(anonymous_0)","decl":{"start":{"line":3,"column":31},"end":{"line":3,"column":32}},"loc":{"start":{"line":3,"column":47},"end":{"line":30,"column":1}},"line":3},"1":{"name":"(anonymous_1)","decl":{"start":{"line":5,"column":29},"end":{"line":5,"column":30}},"loc":{"start":{"line":5,"column":35},"end":{"line":7,"column":5}},"line":5},"2":{"name":"customFocus","decl":{"start":{"line":11,"column":13},"end":{"line":11,"column":24}},"loc":{"start":{"line":11,"column":27},"end":{"line":13,"column":5}},"line":11}},"branchMap":{},"s":{"0":0,"1":0,"2":0,"3":0,"4":0,"5":0},"f":{"0":0,"1":0,"2":0},"b":{}}
,"C:\\Alok\\Learning_JAVA_NODE_ANGULAR\\react\\complete-react-course\\src\\Components\\Modals\\Modal.js": {"path":"C:\\Alok\\Learning_JAVA_NODE_ANGULAR\\react\\complete-react-course\\src\\Components\\Modals\\Modal.js","statementMap":{"0":{"start":{"line":6,"column":4},"end":{"line":6,"column":22}},"1":{"start":{"line":7,"column":4},"end":{"line":16,"column":80}}},"fnMap":{"0":{"name":"Modal","decl":{"start":{"line":5,"column":9},"end":{"line":5,"column":14}},"loc":{"start":{"line":5,"column":22},"end":{"line":17,"column":1}},"line":5}},"branchMap":{"0":{"loc":{"start":{"line":7,"column":39},"end":{"line":7,"column":70}},"type":"cond-expr","locations":[{"start":{"line":7,"column":57},"end":{"line":7,"column":59}},{"start":{"line":7,"column":62},"end":{"line":7,"column":70}}],"line":7},"1":{"loc":{"start":{"line":16,"column":35},"end":{"line":16,"column":66}},"type":"cond-expr","locations":[{"start":{"line":16,"column":53},"end":{"line":16,"column":55}},{"start":{"line":16,"column":58},"end":{"line":16,"column":66}}],"line":16}},"s":{"0":0,"1":0},"f":{"0":0},"b":{"0":[0,0],"1":[0,0]}}
,"C:\\Alok\\Learning_JAVA_NODE_ANGULAR\\react\\complete-react-course\\src\\Components\\Portal\\PortalComponent.js": {"path":"C:\\Alok\\Learning_JAVA_NODE_ANGULAR\\react\\complete-react-course\\src\\Components\\Portal\\PortalComponent.js","statementMap":{"0":{"start":{"line":4,"column":2},"end":{"line":4,"column":105}}},"fnMap":{"0":{"name":"PortalComponent","decl":{"start":{"line":3,"column":9},"end":{"line":3,"column":24}},"loc":{"start":{"line":3,"column":27},"end":{"line":5,"column":1}},"line":3}},"branchMap":{},"s":{"0":0},"f":{"0":0},"b":{}}
,"C:\\Alok\\Learning_JAVA_NODE_ANGULAR\\react\\complete-react-course\\src\\Components\\ProductList\\Button.js": {"path":"C:\\Alok\\Learning_JAVA_NODE_ANGULAR\\react\\complete-react-course\\src\\Components\\ProductList\\Button.js","statementMap":{"0":{"start":{"line":5,"column":4},"end":{"line":5,"column":129}}},"fnMap":{"0":{"name":"Button","decl":{"start":{"line":4,"column":9},"end":{"line":4,"column":15}},"loc":{"start":{"line":4,"column":23},"end":{"line":6,"column":1}},"line":4}},"branchMap":{},"s":{"0":0},"f":{"0":0},"b":{}}
,"C:\\Alok\\Learning_JAVA_NODE_ANGULAR\\react\\complete-react-course\\src\\Components\\ProductList\\ProductDetails.js": {"path":"C:\\Alok\\Learning_JAVA_NODE_ANGULAR\\react\\complete-react-course\\src\\Components\\ProductList\\ProductDetails.js","statementMap":{"0":{"start":{"line":4,"column":12},"end":{"line":7,"column":1}},"1":{"start":{"line":11,"column":45},"end":{"line":11,"column":56}},"2":{"start":{"line":14,"column":8},"end":{"line":14,"column":55}},"3":{"start":{"line":17,"column":25},"end":{"line":19,"column":5}},"4":{"start":{"line":18,"column":8},"end":{"line":18,"column":43}},"5":{"start":{"line":21,"column":25},"end":{"line":23,"column":5}},"6":{"start":{"line":22,"column":8},"end":{"line":22,"column":43}},"7":{"start":{"line":27,"column":21},"end":{"line":27,"column":51}},"8":{"start":{"line":28,"column":4},"end":{"line":28,"column":66}},"9":{"start":{"line":29,"column":4},"end":{"line":41,"column":11}}},"fnMap":{"0":{"name":"ProductDetails","decl":{"start":{"line":9,"column":9},"end":{"line":9,"column":23}},"loc":{"start":{"line":9,"column":31},"end":{"line":43,"column":1}},"line":9},"1":{"name":"displayFormattedProductCount","decl":{"start":{"line":13,"column":13},"end":{"line":13,"column":41}},"loc":{"start":{"line":13,"column":44},"end":{"line":15,"column":5}},"line":13},"2":{"name":"(anonymous_2)","decl":{"start":{"line":17,"column":25},"end":{"line":17,"column":26}},"loc":{"start":{"line":17,"column":37},"end":{"line":19,"column":5}},"line":17},"3":{"name":"(anonymous_3)","decl":{"start":{"line":21,"column":25},"end":{"line":21,"column":26}},"loc":{"start":{"line":21,"column":37},"end":{"line":23,"column":5}},"line":21}},"branchMap":{"0":{"loc":{"start":{"line":14,"column":15},"end":{"line":14,"column":55}},"type":"cond-expr","locations":[{"start":{"line":14,"column":34},"end":{"line":14,"column":46}},{"start":{"line":14,"column":49},"end":{"line":14,"column":55}}],"line":14},"1":{"loc":{"start":{"line":28,"column":18},"end":{"line":28,"column":66}},"type":"cond-expr","locations":[{"start":{"line":28,"column":38},"end":{"line":28,"column":51}},{"start":{"line":28,"column":54},"end":{"line":28,"column":66}}],"line":28},"2":{"loc":{"start":{"line":38,"column":42},"end":{"line":38,"column":89}},"type":"cond-expr","locations":[{"start":{"line":38,"column":62},"end":{"line":38,"column":73}},{"start":{"line":38,"column":76},"end":{"line":38,"column":89}}],"line":38}},"s":{"0":0,"1":0,"2":0,"3":0,"4":0,"5":0,"6":0,"7":0,"8":0,"9":0},"f":{"0":0,"1":0,"2":0,"3":0},"b":{"0":[0,0],"1":[0,0],"2":[0,0]}}
,"C:\\Alok\\Learning_JAVA_NODE_ANGULAR\\react\\complete-react-course\\src\\Components\\ProductList\\ProductList.js": {"path":"C:\\Alok\\Learning_JAVA_NODE_ANGULAR\\react\\complete-react-course\\src\\Components\\ProductList\\ProductList.js","statementMap":{"0":{"start":{"line":7,"column":4},"end":{"line":25,"column":5}},"1":{"start":{"line":12,"column":24},"end":{"line":21,"column":36}}},"fnMap":{"0":{"name":"ProductList","decl":{"start":{"line":6,"column":9},"end":{"line":6,"column":20}},"loc":{"start":{"line":6,"column":28},"end":{"line":27,"column":1}},"line":6},"1":{"name":"(anonymous_1)","decl":{"start":{"line":11,"column":45},"end":{"line":11,"column":46}},"loc":{"start":{"line":11,"column":58},"end":{"line":22,"column":21}},"line":11}},"branchMap":{"0":{"loc":{"start":{"line":7,"column":11},"end":{"line":25,"column":5}},"type":"cond-expr","locations":[{"start":{"line":7,"column":48},"end":{"line":7,"column":78}},{"start":{"line":9,"column":12},"end":{"line":24,"column":17}}],"line":7}},"s":{"0":0,"1":0},"f":{"0":0,"1":0},"b":{"0":[0,0]}}
,"C:\\Alok\\Learning_JAVA_NODE_ANGULAR\\react\\complete-react-course\\src\\Components\\ProductList\\Products.js": {"path":"C:\\Alok\\Learning_JAVA_NODE_ANGULAR\\react\\complete-react-course\\src\\Components\\ProductList\\Products.js","statementMap":{"0":{"start":{"line":5,"column":4},"end":{"line":22,"column":5}}},"fnMap":{"0":{"name":"Products","decl":{"start":{"line":4,"column":9},"end":{"line":4,"column":17}},"loc":{"start":{"line":4,"column":25},"end":{"line":24,"column":1}},"line":4}},"branchMap":{"0":{"loc":{"start":{"line":6,"column":65},"end":{"line":6,"column":100}},"type":"cond-expr","locations":[{"start":{"line":6,"column":85},"end":{"line":6,"column":92}},{"start":{"line":6,"column":94},"end":{"line":6,"column":100}}],"line":6}},"s":{"0":0},"f":{"0":0},"b":{"0":[0,0]}}
,"C:\\Alok\\Learning_JAVA_NODE_ANGULAR\\react\\complete-react-course\\src\\Components\\ReducerDemo\\ReducerDemo.js": {"path":"C:\\Alok\\Learning_JAVA_NODE_ANGULAR\\react\\complete-react-course\\src\\Components\\ReducerDemo\\ReducerDemo.js","statementMap":{"0":{"start":{"line":8,"column":4},"end":{"line":17,"column":5}},"1":{"start":{"line":10,"column":12},"end":{"line":10,"column":53}},"2":{"start":{"line":13,"column":12},"end":{"line":13,"column":53}},"3":{"start":{"line":16,"column":12},"end":{"line":16,"column":31}},"4":{"start":{"line":22,"column":20},"end":{"line":22,"column":43}},"5":{"start":{"line":23,"column":4},"end":{"line":23,"column":36}},"6":{"start":{"line":24,"column":32},"end":{"line":24,"column":65}},"7":{"start":{"line":27,"column":8},"end":{"line":27,"column":32}},"8":{"start":{"line":31,"column":8},"end":{"line":31,"column":32}},"9":{"start":{"line":34,"column":4},"end":{"line":42,"column":7}}},"fnMap":{"0":{"name":"reducer","decl":{"start":{"line":5,"column":9},"end":{"line":5,"column":16}},"loc":{"start":{"line":5,"column":39},"end":{"line":19,"column":1}},"line":5},"1":{"name":"ReducerDemo","decl":{"start":{"line":21,"column":9},"end":{"line":21,"column":20}},"loc":{"start":{"line":21,"column":23},"end":{"line":43,"column":1}},"line":21},"2":{"name":"decrement","decl":{"start":{"line":26,"column":13},"end":{"line":26,"column":22}},"loc":{"start":{"line":26,"column":25},"end":{"line":28,"column":5}},"line":26},"3":{"name":"increment","decl":{"start":{"line":30,"column":13},"end":{"line":30,"column":22}},"loc":{"start":{"line":30,"column":25},"end":{"line":32,"column":5}},"line":30}},"branchMap":{"0":{"loc":{"start":{"line":8,"column":4},"end":{"line":17,"column":5}},"type":"switch","locations":[{"start":{"line":9,"column":8},"end":{"line":10,"column":53}},{"start":{"line":12,"column":8},"end":{"line":13,"column":53}},{"start":{"line":15,"column":8},"end":{"line":16,"column":31}}],"line":8},"1":{"loc":{"start":{"line":37,"column":13},"end":{"line":37,"column":61}},"type":"binary-expr","locations":[{"start":{"line":37,"column":13},"end":{"line":37,"column":31}},{"start":{"line":37,"column":35},"end":{"line":37,"column":61}}],"line":37}},"s":{"0":0,"1":0,"2":0,"3":0,"4":0,"5":0,"6":0,"7":0,"8":0,"9":0},"f":{"0":0,"1":0,"2":0,"3":0},"b":{"0":[0,0,0],"1":[0,0]}}
}
