TN:
SF:src\App.js
FN:64,App
FN:69,onFilterChange
FN:75,createProduct
FN:80,(anonymous_3)
FN:91,displayModal
FN:95,hideModal
FNF:6
FNH:0
FNDA:0,App
FNDA:0,onFilterChange
FNDA:0,createProduct
FNDA:0,(anonymous_3)
FNDA:0,displayModal
FNDA:0,hideModal
DA:16,0
DA:66,0
DA:68,0
DA:70,0
DA:73,0
DA:76,0
DA:77,0
DA:80,0
DA:81,0
DA:82,0
DA:83,0
DA:84,0
DA:86,0
DA:92,0
DA:96,0
DA:160,0
LF:16
LH:0
BRDA:81,0,0,0
BRDA:81,0,1,0
BRDA:83,1,0,0
BRDA:83,1,1,0
BRF:4
BRH:0
end_of_record
TN:
SF:src\index.js
FNF:0
FNH:0
DA:9,0
DA:11,0
LF:2
LH:0
BRF:0
BRH:0
end_of_record
TN:
SF:src\Components\ErrorBoundaries.js
FN:4,(anonymous_0)
FN:8,(anonymous_1)
FN:9,(anonymous_2)
FN:14,(anonymous_3)
FNF:4
FNH:0
FNDA:0,(anonymous_0)
FNDA:0,(anonymous_1)
FNDA:0,(anonymous_2)
FNDA:0,(anonymous_3)
DA:5,0
DA:6,0
DA:9,0
DA:10,0
DA:15,0
DA:16,0
DA:18,0
LF:7
LH:0
BRDA:15,0,0,0
BRDA:15,0,1,0
BRF:2
BRH:0
end_of_record
TN:
SF:src\Components\RefsDemo.js
FN:3,RefDemo
FN:8,showInputEventHandler
FNF:2
FNH:0
FNDA:0,RefDemo
FNDA:0,showInputEventHandler
DA:5,0
DA:9,0
DA:12,0
LF:3
LH:0
BRF:0
BRH:0
end_of_record
TN:
SF:src\Components\ClassBased\ClassComponent.js
FN:5,(anonymous_0)
FN:10,(anonymous_1)
FN:15,(anonymous_2)
FN:31,(anonymous_3)
FN:34,(anonymous_4)
FN:37,(anonymous_5)
FN:42,(anonymous_6)
FN:44,(anonymous_7)
FNF:8
FNH:0
FNDA:0,(anonymous_0)
FNDA:0,(anonymous_1)
FNDA:0,(anonymous_2)
FNDA:0,(anonymous_3)
FNDA:0,(anonymous_4)
FNDA:0,(anonymous_5)
FNDA:0,(anonymous_6)
FNDA:0,(anonymous_7)
DA:6,0
DA:7,0
DA:12,0
DA:16,0
DA:27,0
DA:32,0
DA:37,0
DA:38,0
DA:43,0
DA:45,0
LF:10
LH:0
BRDA:47,0,0,0
BRDA:47,0,1,0
BRDA:48,1,0,0
BRDA:48,1,1,0
BRF:4
BRH:0
end_of_record
TN:
SF:src\Components\Context\AuthContext.js
FN:10,AuthContextProvider
FN:13,(anonymous_1)
FN:20,loginHandler
FN:25,logoutHandler
FNF:4
FNH:0
FNDA:0,AuthContextProvider
FNDA:0,(anonymous_1)
FNDA:0,loginHandler
FNDA:0,logoutHandler
DA:3,0
DA:12,0
DA:13,0
DA:14,0
DA:15,0
DA:16,0
DA:21,0
DA:22,0
DA:26,0
DA:27,0
DA:30,0
LF:11
LH:0
BRDA:15,0,0,0
BRDA:15,0,1,0
BRF:2
BRH:0
end_of_record
TN:
SF:src\Components\Context\DemoContext.js
FNF:0
FNH:0
DA:3,0
LF:1
LH:0
BRF:0
BRH:0
end_of_record
TN:
SF:src\Components\CreateProducts\CreateProducts.js
FN:5,CreateProducts
FN:9,onProductCreation
FN:13,createNewProduct
FN:17,hideCancelForm
FNF:4
FNH:4
FNDA:8,CreateProducts
FNDA:1,onProductCreation
FNDA:3,createNewProduct
FNDA:1,hideCancelForm
DA:7,8
DA:10,1
DA:14,3
DA:18,1
DA:21,8
LF:5
LH:5
BRDA:23,0,0,8
BRDA:23,0,1,5
BRDA:24,1,0,8
BRDA:24,1,1,3
BRF:4
BRH:4
end_of_record
TN:
SF:src\Components\CreateProducts\ProductForm.js
FN:3,ProductForm
FN:19,nameInputHandler
FN:24,priceInputHandler
FN:29,descriptionInputHandler
FN:34,isAvailableInputHandler
FN:39,imageInputHandler
FN:44,createProductEventHandler
FN:64,hideFormEventHandler
FNF:8
FNH:0
FNDA:0,ProductForm
FNDA:0,nameInputHandler
FNDA:0,priceInputHandler
FNDA:0,descriptionInputHandler
FNDA:0,isAvailableInputHandler
FNDA:0,imageInputHandler
FNDA:0,createProductEventHandler
FNDA:0,hideFormEventHandler
DA:5,0
DA:6,0
DA:7,0
DA:8,0
DA:9,0
DA:20,0
DA:25,0
DA:30,0
DA:35,0
DA:40,0
DA:45,0
DA:46,0
DA:55,0
DA:56,0
DA:57,0
DA:58,0
DA:59,0
DA:60,0
DA:61,0
DA:65,0
DA:67,0
LF:21
LH:0
BRF:0
BRH:0
end_of_record
TN:
SF:src\Components\FilterProduct\FilterProduct.js
FN:2,FilterProduct
FN:3,onFilterChange
FNF:2
FNH:0
FNDA:0,FilterProduct
FNDA:0,onFilterChange
DA:4,0
DA:6,0
LF:2
LH:0
BRF:0
BRH:0
end_of_record
TN:
SF:src\Components\Input\Input.js
FN:3,(anonymous_0)
FN:5,(anonymous_1)
FN:11,customFocus
FNF:3
FNH:0
FNDA:0,(anonymous_0)
FNDA:0,(anonymous_1)
FNDA:0,customFocus
DA:3,0
DA:5,0
DA:6,0
DA:9,0
DA:12,0
DA:15,0
LF:6
LH:0
BRF:0
BRH:0
end_of_record
TN:
SF:src\Components\Modals\Modal.js
FN:5,Modal
FNF:1
FNH:0
FNDA:0,Modal
DA:6,0
DA:7,0
LF:2
LH:0
BRDA:7,0,0,0
BRDA:7,0,1,0
BRDA:16,1,0,0
BRDA:16,1,1,0
BRF:4
BRH:0
end_of_record
TN:
SF:src\Components\Portal\PortalComponent.js
FN:3,PortalComponent
FNF:1
FNH:0
FNDA:0,PortalComponent
DA:4,0
LF:1
LH:0
BRF:0
BRH:0
end_of_record
TN:
SF:src\Components\ProductList\Button.js
FN:4,Button
FNF:1
FNH:0
FNDA:0,Button
DA:5,0
LF:1
LH:0
BRF:0
BRH:0
end_of_record
TN:
SF:src\Components\ProductList\ProductDetails.js
FN:9,ProductDetails
FN:13,displayFormattedProductCount
FN:17,(anonymous_2)
FN:21,(anonymous_3)
FNF:4
FNH:0
FNDA:0,ProductDetails
FNDA:0,displayFormattedProductCount
FNDA:0,(anonymous_2)
FNDA:0,(anonymous_3)
DA:4,0
DA:11,0
DA:14,0
DA:17,0
DA:18,0
DA:21,0
DA:22,0
DA:27,0
DA:28,0
DA:29,0
LF:10
LH:0
BRDA:14,0,0,0
BRDA:14,0,1,0
BRDA:28,1,0,0
BRDA:28,1,1,0
BRDA:38,2,0,0
BRDA:38,2,1,0
BRF:6
BRH:0
end_of_record
TN:
SF:src\Components\ProductList\ProductList.js
FN:6,ProductList
FN:11,(anonymous_1)
FNF:2
FNH:0
FNDA:0,ProductList
FNDA:0,(anonymous_1)
DA:7,0
DA:12,0
LF:2
LH:0
BRDA:7,0,0,0
BRDA:7,0,1,0
BRF:2
BRH:0
end_of_record
TN:
SF:src\Components\ProductList\Products.js
FN:4,Products
FNF:1
FNH:0
FNDA:0,Products
DA:5,0
LF:1
LH:0
BRDA:6,0,0,0
BRDA:6,0,1,0
BRF:2
BRH:0
end_of_record
TN:
SF:src\Components\ReducerDemo\ReducerDemo.js
FN:5,reducer
FN:21,ReducerDemo
FN:26,decrement
FN:30,increment
FNF:4
FNH:0
FNDA:0,reducer
FNDA:0,ReducerDemo
FNDA:0,decrement
FNDA:0,increment
DA:8,0
DA:10,0
DA:13,0
DA:16,0
DA:22,0
DA:23,0
DA:24,0
DA:27,0
DA:31,0
DA:34,0
LF:10
LH:0
BRDA:8,0,0,0
BRDA:8,0,1,0
BRDA:8,0,2,0
BRDA:37,1,0,0
BRDA:37,1,1,0
BRF:5
BRH:0
end_of_record
